Flow report for experimento_3
Tue Aug 22 11:22:19 2023
Quartus Prime Version 22.1std.0 Build 915 10/25/2022 SC Lite Edition


---------------------
; Table of Contents ;
---------------------
  1. Legal Notice
  2. Flow Summary
  3. Flow Settings
  4. Flow Non-Default Global Settings
  5. Flow Elapsed Time
  6. Flow OS Summary
  7. Flow Log
  8. Flow Messages
  9. Flow Suppressed Messages



----------------
; Legal Notice ;
----------------
Copyright (C) 2022  Intel Corporation. All rights reserved.
Your use of Intel Corporation's design tools, logic functions 
and other software and tools, and any partner logic 
functions, and any output files from any of the foregoing 
(including device programming or simulation files), and any 
associated documentation or information are expressly subject 
to the terms and conditions of the Intel Program License 
Subscription Agreement, the Intel Quartus Prime License Agreement,
the Intel FPGA IP License Agreement, or other applicable license
agreement, including, without limitation, that your use is for
the sole purpose of programming logic devices manufactured by
Intel and sold by Intel or its authorized distributors.  Please
refer to the applicable agreement for further details, at
https://fpgasoftware.intel.com/eula.



+----------------------------------------------------------------------------------+
; Flow Summary                                                                     ;
+---------------------------------+------------------------------------------------+
; Flow Status                     ; Successful - Tue Aug 22 11:22:19 2023          ;
; Quartus Prime Version           ; 22.1std.0 Build 915 10/25/2022 SC Lite Edition ;
; Revision Name                   ; experimento_3                                  ;
; Top-level Entity Name           ; FPGAInterface                                  ;
; Family                          ; Cyclone V                                      ;
; Device                          ; 5CSEMA5F31C6                                   ;
; Timing Models                   ; Final                                          ;
; Logic utilization (in ALMs)     ; 9 / 32,070 ( < 1 % )                           ;
; Total registers                 ; 10                                             ;
; Total pins                      ; 16 / 457 ( 4 % )                               ;
; Total virtual pins              ; 0                                              ;
; Total block memory bits         ; 0 / 4,065,280 ( 0 % )                          ;
; Total DSP Blocks                ; 0 / 87 ( 0 % )                                 ;
; Total HSSI RX PCSs              ; 0                                              ;
; Total HSSI PMA RX Deserializers ; 0                                              ;
; Total HSSI TX PCSs              ; 0                                              ;
; Total HSSI PMA TX Serializers   ; 0                                              ;
; Total PLLs                      ; 0 / 6 ( 0 % )                                  ;
; Total DLLs                      ; 0 / 4 ( 0 % )                                  ;
+---------------------------------+------------------------------------------------+


+-----------------------------------------+
; Flow Settings                           ;
+-------------------+---------------------+
; Option            ; Setting             ;
+-------------------+---------------------+
; Start date & time ; 08/22/2023 11:21:09 ;
; Main task         ; Compilation         ;
; Revision Name     ; experimento_3       ;
+-------------------+---------------------+


+---------------------------------------------------------------------------------------------------------------------------------------------------+
; Flow Non-Default Global Settings                                                                                                                  ;
+--------------------------------------+----------------------------------------+---------------+---------------+-----------------------------------+
; Assignment Name                      ; Value                                  ; Default Value ; Entity Name   ; Section Id                        ;
+--------------------------------------+----------------------------------------+---------------+---------------+-----------------------------------+
; COMPILER_SIGNATURE_ID                ; 1098132577915.169272486911480          ; --            ; --            ; --                                ;
; EDA_DESIGN_INSTANCE_NAME             ; NA                                     ; --            ; --            ; ContadorRegresivo_tb              ;
; EDA_GENERATE_FUNCTIONAL_NETLIST      ; Off                                    ; --            ; --            ; eda_board_design_timing           ;
; EDA_GENERATE_FUNCTIONAL_NETLIST      ; Off                                    ; --            ; --            ; eda_board_design_boundary_scan    ;
; EDA_GENERATE_FUNCTIONAL_NETLIST      ; Off                                    ; --            ; --            ; eda_board_design_signal_integrity ;
; EDA_GENERATE_FUNCTIONAL_NETLIST      ; Off                                    ; --            ; --            ; eda_board_design_symbol           ;
; EDA_NATIVELINK_SIMULATION_TEST_BENCH ; ContadorRegresivo_tb                   ; --            ; --            ; eda_simulation                    ;
; EDA_OUTPUT_DATA_FORMAT               ; Systemverilog Hdl                      ; --            ; --            ; eda_simulation                    ;
; EDA_SIMULATION_TOOL                  ; ModelSim (SystemVerilog)               ; <None>        ; --            ; --                                ;
; EDA_TEST_BENCH_ENABLE_STATUS         ; TEST_BENCH_MODE                        ; --            ; --            ; eda_simulation                    ;
; EDA_TEST_BENCH_FILE                  ; ContadorRegresivo.sv                   ; --            ; --            ; ContadorRegresivo_tb              ;
; EDA_TEST_BENCH_FILE                  ; ContadorRegresivo_tb.sv                ; --            ; --            ; ContadorRegresivo_tb              ;
; EDA_TEST_BENCH_MODULE_NAME           ; ContadorRegresivo_tb                   ; --            ; --            ; ContadorRegresivo_tb              ;
; EDA_TEST_BENCH_NAME                  ; ContadorRegresivo_tb                   ; --            ; --            ; eda_simulation                    ;
; EDA_TEST_BENCH_RUN_SIM_FOR           ; 4 us                                   ; --            ; --            ; ContadorRegresivo_tb              ;
; EDA_TIME_SCALE                       ; 1 ps                                   ; --            ; --            ; eda_simulation                    ;
; MAX_CORE_JUNCTION_TEMP               ; 85                                     ; --            ; --            ; --                                ;
; MIN_CORE_JUNCTION_TEMP               ; 0                                      ; --            ; --            ; --                                ;
; PARTITION_COLOR                      ; -- (Not supported for targeted family) ; --            ; FPGAInterface ; Top                               ;
; PARTITION_FITTER_PRESERVATION_LEVEL  ; -- (Not supported for targeted family) ; --            ; FPGAInterface ; Top                               ;
; PARTITION_NETLIST_TYPE               ; -- (Not supported for targeted family) ; --            ; FPGAInterface ; Top                               ;
; POWER_BOARD_THERMAL_MODEL            ; None (CONSERVATIVE)                    ; --            ; --            ; --                                ;
; POWER_PRESET_COOLING_SOLUTION        ; 23 MM HEAT SINK WITH 200 LFPM AIRFLOW  ; --            ; --            ; --                                ;
; PROJECT_OUTPUT_DIRECTORY             ; output_files                           ; --            ; --            ; --                                ;
; TOP_LEVEL_ENTITY                     ; FPGAInterface                          ; experimento_3 ; --            ; --                                ;
+--------------------------------------+----------------------------------------+---------------+---------------+-----------------------------------+


+--------------------------------------------------------------------------------------------------------------------------+
; Flow Elapsed Time                                                                                                        ;
+----------------------+--------------+-------------------------+---------------------+------------------------------------+
; Module Name          ; Elapsed Time ; Average Processors Used ; Peak Virtual Memory ; Total CPU Time (on all processors) ;
+----------------------+--------------+-------------------------+---------------------+------------------------------------+
; Analysis & Synthesis ; 00:00:13     ; 1.0                     ; 4877 MB             ; 00:00:19                           ;
; Fitter               ; 00:00:41     ; 1.0                     ; 7362 MB             ; 00:01:21                           ;
; Assembler            ; 00:00:06     ; 1.0                     ; 4872 MB             ; 00:00:05                           ;
; Timing Analyzer      ; 00:00:04     ; 1.1                     ; 5211 MB             ; 00:00:03                           ;
; EDA Netlist Writer   ; 00:00:01     ; 1.0                     ; 4729 MB             ; 00:00:01                           ;
; Total                ; 00:01:05     ; --                      ; --                  ; 00:01:49                           ;
+----------------------+--------------+-------------------------+---------------------+------------------------------------+


+------------------------------------------------------------------------------------+
; Flow OS Summary                                                                    ;
+----------------------+------------------+------------+------------+----------------+
; Module Name          ; Machine Hostname ; OS Name    ; OS Version ; Processor type ;
+----------------------+------------------+------------+------------+----------------+
; Analysis & Synthesis ; LAPTOP-2T28LR2L  ; Windows 10 ; 10.0       ; x86_64         ;
; Fitter               ; LAPTOP-2T28LR2L  ; Windows 10 ; 10.0       ; x86_64         ;
; Assembler            ; LAPTOP-2T28LR2L  ; Windows 10 ; 10.0       ; x86_64         ;
; Timing Analyzer      ; LAPTOP-2T28LR2L  ; Windows 10 ; 10.0       ; x86_64         ;
; EDA Netlist Writer   ; LAPTOP-2T28LR2L  ; Windows 10 ; 10.0       ; x86_64         ;
+----------------------+------------------+------------+------------+----------------+


------------
; Flow Log ;
------------
quartus_map --read_settings_files=on --write_settings_files=off experimento_3 -c experimento_3
quartus_fit --read_settings_files=off --write_settings_files=off experimento_3 -c experimento_3
quartus_asm --read_settings_files=off --write_settings_files=off experimento_3 -c experimento_3
quartus_sta experimento_3 -c experimento_3
quartus_eda --read_settings_files=off --write_settings_files=off experimento_3 -c experimento_3



