Flow report for experimento_2
Tue Aug 22 10:51:55 2023
Quartus Prime Version 22.1std.0 Build 915 10/25/2022 SC Lite Edition


---------------------
; Table of Contents ;
---------------------
  1. Legal Notice
  2. Flow Summary
  3. Flow Settings
  4. Flow Non-Default Global Settings
  5. Flow Elapsed Time
  6. Flow OS Summary
  7. Flow Log
  8. Flow Messages
  9. Flow Suppressed Messages



----------------
; Legal Notice ;
----------------
Copyright (C) 2022  Intel Corporation. All rights reserved.
Your use of Intel Corporation's design tools, logic functions 
and other software and tools, and any partner logic 
functions, and any output files from any of the foregoing 
(including device programming or simulation files), and any 
associated documentation or information are expressly subject 
to the terms and conditions of the Intel Program License 
Subscription Agreement, the Intel Quartus Prime License Agreement,
the Intel FPGA IP License Agreement, or other applicable license
agreement, including, without limitation, that your use is for
the sole purpose of programming logic devices manufactured by
Intel and sold by Intel or its authorized distributors.  Please
refer to the applicable agreement for further details, at
https://fpgasoftware.intel.com/eula.



+----------------------------------------------------------------------------------+
; Flow Summary                                                                     ;
+---------------------------------+------------------------------------------------+
; Flow Status                     ; Successful - Tue Aug 22 10:51:55 2023          ;
; Quartus Prime Version           ; 22.1std.0 Build 915 10/25/2022 SC Lite Edition ;
; Revision Name                   ; experimento_2                                  ;
; Top-level Entity Name           ; FPGAInterface                                  ;
; Family                          ; Cyclone V                                      ;
; Device                          ; 5CSEMA5F31C6                                   ;
; Timing Models                   ; Final                                          ;
; Logic utilization (in ALMs)     ; 7 / 32,070 ( < 1 % )                           ;
; Total registers                 ; 0                                              ;
; Total pins                      ; 23 / 457 ( 5 % )                               ;
; Total virtual pins              ; 0                                              ;
; Total block memory bits         ; 0 / 4,065,280 ( 0 % )                          ;
; Total DSP Blocks                ; 0 / 87 ( 0 % )                                 ;
; Total HSSI RX PCSs              ; 0                                              ;
; Total HSSI PMA RX Deserializers ; 0                                              ;
; Total HSSI TX PCSs              ; 0                                              ;
; Total HSSI PMA TX Serializers   ; 0                                              ;
; Total PLLs                      ; 0 / 6 ( 0 % )                                  ;
; Total DLLs                      ; 0 / 4 ( 0 % )                                  ;
+---------------------------------+------------------------------------------------+


+-----------------------------------------+
; Flow Settings                           ;
+-------------------+---------------------+
; Option            ; Setting             ;
+-------------------+---------------------+
; Start date & time ; 08/22/2023 10:50:53 ;
; Main task         ; Compilation         ;
; Revision Name     ; experimento_2       ;
+-------------------+---------------------+


+---------------------------------------------------------------------------------------------------------------------------------------------------+
; Flow Non-Default Global Settings                                                                                                                  ;
+--------------------------------------+----------------------------------------+---------------+---------------+-----------------------------------+
; Assignment Name                      ; Value                                  ; Default Value ; Entity Name   ; Section Id                        ;
+--------------------------------------+----------------------------------------+---------------+---------------+-----------------------------------+
; COMPILER_SIGNATURE_ID                ; 1098132577915.169272305314272          ; --            ; --            ; --                                ;
; EDA_DESIGN_INSTANCE_NAME             ; NA                                     ; --            ; --            ; oneBitFullAdder_tb                ;
; EDA_DESIGN_INSTANCE_NAME             ; NA                                     ; --            ; --            ; fourBitFullAdder_tb               ;
; EDA_GENERATE_FUNCTIONAL_NETLIST      ; Off                                    ; --            ; --            ; eda_board_design_timing           ;
; EDA_GENERATE_FUNCTIONAL_NETLIST      ; Off                                    ; --            ; --            ; eda_board_design_boundary_scan    ;
; EDA_GENERATE_FUNCTIONAL_NETLIST      ; Off                                    ; --            ; --            ; eda_board_design_signal_integrity ;
; EDA_GENERATE_FUNCTIONAL_NETLIST      ; Off                                    ; --            ; --            ; eda_board_design_symbol           ;
; EDA_NATIVELINK_SIMULATION_TEST_BENCH ; fourBitFullAdder_tb                    ; --            ; --            ; eda_simulation                    ;
; EDA_OUTPUT_DATA_FORMAT               ; Vhdl                                   ; --            ; --            ; eda_simulation                    ;
; EDA_SIMULATION_TOOL                  ; ModelSim (VHDL)                        ; <None>        ; --            ; --                                ;
; EDA_TEST_BENCH_ENABLE_STATUS         ; TEST_BENCH_MODE                        ; --            ; --            ; eda_simulation                    ;
; EDA_TEST_BENCH_FILE                  ; oneBitFullAdder.vhd                    ; --            ; --            ; oneBitFullAdder_tb                ;
; EDA_TEST_BENCH_FILE                  ; oneBitFullAdder_tb.vhd                 ; --            ; --            ; oneBitFullAdder_tb                ;
; EDA_TEST_BENCH_FILE                  ; fourBitFullAdder.vhd                   ; --            ; --            ; fourBitFullAdder_tb               ;
; EDA_TEST_BENCH_FILE                  ; fourBitFullAdder_tb.vhd                ; --            ; --            ; fourBitFullAdder_tb               ;
; EDA_TEST_BENCH_FILE                  ; oneBitFullAdder.vhd                    ; --            ; --            ; fourBitFullAdder_tb               ;
; EDA_TEST_BENCH_MODULE_NAME           ; oneBitFullAdder_tb                     ; --            ; --            ; oneBitFullAdder_tb                ;
; EDA_TEST_BENCH_MODULE_NAME           ; fourBitFullAdder_tb                    ; --            ; --            ; fourBitFullAdder_tb               ;
; EDA_TEST_BENCH_NAME                  ; oneBitFullAdder_tb                     ; --            ; --            ; eda_simulation                    ;
; EDA_TEST_BENCH_NAME                  ; fourBitFullAdder_tb                    ; --            ; --            ; eda_simulation                    ;
; EDA_TIME_SCALE                       ; 1 ps                                   ; --            ; --            ; eda_simulation                    ;
; MAX_CORE_JUNCTION_TEMP               ; 85                                     ; --            ; --            ; --                                ;
; MIN_CORE_JUNCTION_TEMP               ; 0                                      ; --            ; --            ; --                                ;
; PARTITION_COLOR                      ; -- (Not supported for targeted family) ; --            ; FPGAInterface ; Top                               ;
; PARTITION_FITTER_PRESERVATION_LEVEL  ; -- (Not supported for targeted family) ; --            ; FPGAInterface ; Top                               ;
; PARTITION_NETLIST_TYPE               ; -- (Not supported for targeted family) ; --            ; FPGAInterface ; Top                               ;
; POWER_BOARD_THERMAL_MODEL            ; None (CONSERVATIVE)                    ; --            ; --            ; --                                ;
; POWER_PRESET_COOLING_SOLUTION        ; 23 MM HEAT SINK WITH 200 LFPM AIRFLOW  ; --            ; --            ; --                                ;
; PROJECT_OUTPUT_DIRECTORY             ; output_files                           ; --            ; --            ; --                                ;
; TOP_LEVEL_ENTITY                     ; FPGAInterface                          ; experimento_2 ; --            ; --                                ;
+--------------------------------------+----------------------------------------+---------------+---------------+-----------------------------------+


+--------------------------------------------------------------------------------------------------------------------------+
; Flow Elapsed Time                                                                                                        ;
+----------------------+--------------+-------------------------+---------------------+------------------------------------+
; Module Name          ; Elapsed Time ; Average Processors Used ; Peak Virtual Memory ; Total CPU Time (on all processors) ;
+----------------------+--------------+-------------------------+---------------------+------------------------------------+
; Analysis & Synthesis ; 00:00:16     ; 1.0                     ; 4901 MB             ; 00:00:22                           ;
; Fitter               ; 00:00:31     ; 1.0                     ; 7275 MB             ; 00:01:15                           ;
; Assembler            ; 00:00:06     ; 1.0                     ; 4881 MB             ; 00:00:05                           ;
; Timing Analyzer      ; 00:00:04     ; 1.1                     ; 5206 MB             ; 00:00:03                           ;
; EDA Netlist Writer   ; 00:00:01     ; 1.0                     ; 4729 MB             ; 00:00:01                           ;
; Total                ; 00:00:58     ; --                      ; --                  ; 00:01:46                           ;
+----------------------+--------------+-------------------------+---------------------+------------------------------------+


+------------------------------------------------------------------------------------+
; Flow OS Summary                                                                    ;
+----------------------+------------------+------------+------------+----------------+
; Module Name          ; Machine Hostname ; OS Name    ; OS Version ; Processor type ;
+----------------------+------------------+------------+------------+----------------+
; Analysis & Synthesis ; LAPTOP-2T28LR2L  ; Windows 10 ; 10.0       ; x86_64         ;
; Fitter               ; LAPTOP-2T28LR2L  ; Windows 10 ; 10.0       ; x86_64         ;
; Assembler            ; LAPTOP-2T28LR2L  ; Windows 10 ; 10.0       ; x86_64         ;
; Timing Analyzer      ; LAPTOP-2T28LR2L  ; Windows 10 ; 10.0       ; x86_64         ;
; EDA Netlist Writer   ; LAPTOP-2T28LR2L  ; Windows 10 ; 10.0       ; x86_64         ;
+----------------------+------------------+------------+------------+----------------+


------------
; Flow Log ;
------------
quartus_map --read_settings_files=on --write_settings_files=off experimento_2 -c experimento_2
quartus_fit --read_settings_files=off --write_settings_files=off experimento_2 -c experimento_2
quartus_asm --read_settings_files=off --write_settings_files=off experimento_2 -c experimento_2
quartus_sta experimento_2 -c experimento_2
quartus_eda --read_settings_files=off --write_settings_files=off experimento_2 -c experimento_2



