Analysis & Elaboration report for buscaminas
Tue Oct 10 16:54:32 2023
Quartus Prime Version 22.1std.0 Build 915 10/25/2022 SC Lite Edition


---------------------
; Table of Contents ;
---------------------
  1. Legal Notice
  2. Analysis & Elaboration Summary
  3. Parallel Compilation
  4. Parameter Settings for User Entity Instance: vgaController:vgaCont
  5. Analysis & Elaboration Settings
  6. Port Connectivity Checks: "videoGen:videoGen|rectgen:rectgen"
  7. Analysis & Elaboration Messages



----------------
; Legal Notice ;
----------------
Copyright (C) 2022  Intel Corporation. All rights reserved.
Your use of Intel Corporation's design tools, logic functions 
and other software and tools, and any partner logic 
functions, and any output files from any of the foregoing 
(including device programming or simulation files), and any 
associated documentation or information are expressly subject 
to the terms and conditions of the Intel Program License 
Subscription Agreement, the Intel Quartus Prime License Agreement,
the Intel FPGA IP License Agreement, or other applicable license
agreement, including, without limitation, that your use is for
the sole purpose of programming logic devices manufactured by
Intel and sold by Intel or its authorized distributors.  Please
refer to the applicable agreement for further details, at
https://fpgasoftware.intel.com/eula.



+--------------------------------------------------------------------------------+
; Analysis & Elaboration Summary                                                 ;
+-------------------------------+------------------------------------------------+
; Analysis & Elaboration Status ; Successful - Tue Oct 10 16:54:32 2023          ;
; Quartus Prime Version         ; 22.1std.0 Build 915 10/25/2022 SC Lite Edition ;
; Revision Name                 ; buscaminas                                     ;
; Top-level Entity Name         ; VGA                                            ;
; Family                        ; Cyclone V                                      ;
; Logic utilization (in ALMs)   ; N/A until Partition Merge                      ;
; Total registers               ; N/A until Partition Merge                      ;
; Total pins                    ; N/A until Partition Merge                      ;
; Total virtual pins            ; N/A until Partition Merge                      ;
; Total block memory bits       ; N/A until Partition Merge                      ;
; Total PLLs                    ; N/A until Partition Merge                      ;
; Total DLLs                    ; N/A until Partition Merge                      ;
+-------------------------------+------------------------------------------------+


+------------------------------------------+
; Parallel Compilation                     ;
+----------------------------+-------------+
; Processors                 ; Number      ;
+----------------------------+-------------+
; Number detected on machine ; 12          ;
; Maximum allowed            ; 12          ;
;                            ;             ;
; Average used               ; 1.00        ;
; Maximum used               ; 1           ;
;                            ;             ;
; Usage by Processor         ; % Time Used ;
;     Processor 1            ; 100.0%      ;
+----------------------------+-------------+


+--------------------------------------------------------------------+
; Parameter Settings for User Entity Instance: vgaController:vgaCont ;
+----------------+------------+--------------------------------------+
; Parameter Name ; Value      ; Type                                 ;
+----------------+------------+--------------------------------------+
; HACTIVE        ; 1010000000 ; Unsigned Binary                      ;
; HFP            ; 0000010000 ; Unsigned Binary                      ;
; HSYN           ; 0001100000 ; Unsigned Binary                      ;
; HBP            ; 0000110000 ; Unsigned Binary                      ;
; HMAX           ; 1100100000 ; Unsigned Binary                      ;
; VBP            ; 0000100001 ; Unsigned Binary                      ;
; VACTIVE        ; 0111100000 ; Unsigned Binary                      ;
; VFP            ; 0000001010 ; Unsigned Binary                      ;
; VSYN           ; 0000000010 ; Unsigned Binary                      ;
; VMAX           ; 1000001101 ; Unsigned Binary                      ;
+----------------+------------+--------------------------------------+
Note: In order to hide this table in the UI and the text report file, please set the "Show Parameter Settings in Synthesis Report" option in "Analysis and Synthesis Settings -> More Settings" to "Off".


+---------------------------------------------------------------------------------------------------------------------------+
; Analysis & Elaboration Settings                                                                                           ;
+---------------------------------------------------------------------------------+--------------------+--------------------+
; Option                                                                          ; Setting            ; Default Value      ;
+---------------------------------------------------------------------------------+--------------------+--------------------+
; Device                                                                          ; 5CSEMA5F31C6       ;                    ;
; Top-level entity name                                                           ; VGA                ; buscaminas         ;
; Family name                                                                     ; Cyclone V          ; Cyclone V          ;
; Use smart compilation                                                           ; Off                ; Off                ;
; Enable parallel Assembler and Timing Analyzer during compilation                ; On                 ; On                 ;
; Enable compact report table                                                     ; Off                ; Off                ;
; Restructure Multiplexers                                                        ; Auto               ; Auto               ;
; MLAB Add Timing Constraints For Mixed-Port Feed-Through Mode Setting Don't Care ; Off                ; Off                ;
; Create Debugging Nodes for IP Cores                                             ; Off                ; Off                ;
; Preserve fewer node names                                                       ; On                 ; On                 ;
; Intel FPGA IP Evaluation Mode                                                   ; Enable             ; Enable             ;
; Verilog Version                                                                 ; Verilog_2001       ; Verilog_2001       ;
; VHDL Version                                                                    ; VHDL_1993          ; VHDL_1993          ;
; State Machine Processing                                                        ; Auto               ; Auto               ;
; Safe State Machine                                                              ; Off                ; Off                ;
; Extract Verilog State Machines                                                  ; On                 ; On                 ;
; Extract VHDL State Machines                                                     ; On                 ; On                 ;
; Ignore Verilog initial constructs                                               ; Off                ; Off                ;
; Iteration limit for constant Verilog loops                                      ; 5000               ; 5000               ;
; Iteration limit for non-constant Verilog loops                                  ; 250                ; 250                ;
; Add Pass-Through Logic to Inferred RAMs                                         ; On                 ; On                 ;
; Infer RAMs from Raw Logic                                                       ; On                 ; On                 ;
; Parallel Synthesis                                                              ; On                 ; On                 ;
; DSP Block Balancing                                                             ; Auto               ; Auto               ;
; NOT Gate Push-Back                                                              ; On                 ; On                 ;
; Power-Up Don't Care                                                             ; On                 ; On                 ;
; Remove Redundant Logic Cells                                                    ; Off                ; Off                ;
; Remove Duplicate Registers                                                      ; On                 ; On                 ;
; Ignore CARRY Buffers                                                            ; Off                ; Off                ;
; Ignore CASCADE Buffers                                                          ; Off                ; Off                ;
; Ignore GLOBAL Buffers                                                           ; Off                ; Off                ;
; Ignore ROW GLOBAL Buffers                                                       ; Off                ; Off                ;
; Ignore LCELL Buffers                                                            ; Off                ; Off                ;
; Ignore SOFT Buffers                                                             ; On                 ; On                 ;
; Limit AHDL Integers to 32 Bits                                                  ; Off                ; Off                ;
; Optimization Technique                                                          ; Balanced           ; Balanced           ;
; Carry Chain Length                                                              ; 70                 ; 70                 ;
; Auto Carry Chains                                                               ; On                 ; On                 ;
; Auto Open-Drain Pins                                                            ; On                 ; On                 ;
; Perform WYSIWYG Primitive Resynthesis                                           ; Off                ; Off                ;
; Auto ROM Replacement                                                            ; On                 ; On                 ;
; Auto RAM Replacement                                                            ; On                 ; On                 ;
; Auto DSP Block Replacement                                                      ; On                 ; On                 ;
; Auto Shift Register Replacement                                                 ; Auto               ; Auto               ;
; Allow Shift Register Merging across Hierarchies                                 ; Auto               ; Auto               ;
; Auto Clock Enable Replacement                                                   ; On                 ; On                 ;
; Strict RAM Replacement                                                          ; Off                ; Off                ;
; Allow Synchronous Control Signals                                               ; On                 ; On                 ;
; Force Use of Synchronous Clear Signals                                          ; Off                ; Off                ;
; Auto Resource Sharing                                                           ; Off                ; Off                ;
; Allow Any RAM Size For Recognition                                              ; Off                ; Off                ;
; Allow Any ROM Size For Recognition                                              ; Off                ; Off                ;
; Allow Any Shift Register Size For Recognition                                   ; Off                ; Off                ;
; Use LogicLock Constraints during Resource Balancing                             ; On                 ; On                 ;
; Ignore translate_off and synthesis_off directives                               ; Off                ; Off                ;
; Timing-Driven Synthesis                                                         ; On                 ; On                 ;
; Report Parameter Settings                                                       ; On                 ; On                 ;
; Report Source Assignments                                                       ; On                 ; On                 ;
; Report Connectivity Checks                                                      ; On                 ; On                 ;
; Ignore Maximum Fan-Out Assignments                                              ; Off                ; Off                ;
; Synchronization Register Chain Length                                           ; 3                  ; 3                  ;
; Power Optimization During Synthesis                                             ; Normal compilation ; Normal compilation ;
; HDL message level                                                               ; Level2             ; Level2             ;
; Suppress Register Optimization Related Messages                                 ; Off                ; Off                ;
; Number of Removed Registers Reported in Synthesis Report                        ; 5000               ; 5000               ;
; Number of Swept Nodes Reported in Synthesis Report                              ; 5000               ; 5000               ;
; Number of Inverted Registers Reported in Synthesis Report                       ; 100                ; 100                ;
; Clock MUX Protection                                                            ; On                 ; On                 ;
; Auto Gated Clock Conversion                                                     ; Off                ; Off                ;
; Block Design Naming                                                             ; Auto               ; Auto               ;
; SDC constraint protection                                                       ; Off                ; Off                ;
; Synthesis Effort                                                                ; Auto               ; Auto               ;
; Shift Register Replacement - Allow Asynchronous Clear Signal                    ; On                 ; On                 ;
; Pre-Mapping Resynthesis Optimization                                            ; Off                ; Off                ;
; Analysis & Synthesis Message Level                                              ; Medium             ; Medium             ;
; Disable Register Merging Across Hierarchies                                     ; Auto               ; Auto               ;
; Resource Aware Inference For Block RAM                                          ; On                 ; On                 ;
; Automatic Parallel Synthesis                                                    ; On                 ; On                 ;
; Partial Reconfiguration Bitstream ID                                            ; Off                ; Off                ;
+---------------------------------------------------------------------------------+--------------------+--------------------+


+---------------------------------------------------------------+
; Port Connectivity Checks: "videoGen:videoGen|rectgen:rectgen" ;
+-------------+-------+----------+------------------------------+
; Port        ; Type  ; Severity ; Details                      ;
+-------------+-------+----------+------------------------------+
; left[6..3]  ; Input ; Info     ; Stuck at VCC                 ;
; left[9..7]  ; Input ; Info     ; Stuck at GND                 ;
; left[2..0]  ; Input ; Info     ; Stuck at GND                 ;
; top[2..1]   ; Input ; Info     ; Stuck at VCC                 ;
; top[9..8]   ; Input ; Info     ; Stuck at GND                 ;
; top[6..5]   ; Input ; Info     ; Stuck at GND                 ;
; top[7]      ; Input ; Info     ; Stuck at VCC                 ;
; top[4]      ; Input ; Info     ; Stuck at VCC                 ;
; top[3]      ; Input ; Info     ; Stuck at GND                 ;
; top[0]      ; Input ; Info     ; Stuck at GND                 ;
; right[7..6] ; Input ; Info     ; Stuck at VCC                 ;
; right[9..8] ; Input ; Info     ; Stuck at GND                 ;
; right[5..4] ; Input ; Info     ; Stuck at GND                 ;
; right[2..0] ; Input ; Info     ; Stuck at GND                 ;
; right[3]    ; Input ; Info     ; Stuck at VCC                 ;
; bot[7..5]   ; Input ; Info     ; Stuck at VCC                 ;
; bot[2..1]   ; Input ; Info     ; Stuck at VCC                 ;
; bot[9..8]   ; Input ; Info     ; Stuck at GND                 ;
; bot[4..3]   ; Input ; Info     ; Stuck at GND                 ;
; bot[0]      ; Input ; Info     ; Stuck at GND                 ;
+-------------+-------+----------+------------------------------+


+---------------------------------+
; Analysis & Elaboration Messages ;
+---------------------------------+
Info: *******************************************************************
Info: Running Quartus Prime Analysis & Elaboration
    Info: Version 22.1std.0 Build 915 10/25/2022 SC Lite Edition
    Info: Processing started: Tue Oct 10 16:54:18 2023
Info: Command: quartus_map --read_settings_files=on --write_settings_files=off buscaminas -c buscaminas --analysis_and_elaboration
Warning (18236): Number of processors has not been specified which may cause overloading on shared machines.  Set the global assignment NUM_PARALLEL_PROCESSORS in your QSF to an appropriate value for best performance.
Info (20030): Parallel compilation is enabled and will use 12 of the 12 processors detected
Info (12021): Found 1 design units, including 1 entities, in source file rectgen.sv
    Info (12023): Found entity 1: rectgen File: C:/Users/joedu/OneDrive/Escritorio/TallerDisennoDigital/rectgen.sv Line: 1
Info (12021): Found 1 design units, including 1 entities, in source file vgacontroller.sv
    Info (12023): Found entity 1: vgaController File: C:/Users/joedu/OneDrive/Escritorio/TallerDisennoDigital/vgaController.sv Line: 1
Info (12021): Found 1 design units, including 1 entities, in source file vga.sv
    Info (12023): Found entity 1: VGA File: C:/Users/joedu/OneDrive/Escritorio/TallerDisennoDigital/VGA.sv Line: 1
Info (12021): Found 1 design units, including 1 entities, in source file videogen.sv
    Info (12023): Found entity 1: videoGen File: C:/Users/joedu/OneDrive/Escritorio/TallerDisennoDigital/videoGen.sv Line: 1
Info (12021): Found 1 design units, including 1 entities, in source file pll.sv
    Info (12023): Found entity 1: pll File: C:/Users/joedu/OneDrive/Escritorio/TallerDisennoDigital/pll.sv Line: 1
Info (12021): Found 1 design units, including 1 entities, in source file fsm1.sv
    Info (12023): Found entity 1: FSM1 File: C:/Users/joedu/OneDrive/Escritorio/TallerDisennoDigital/FSM1.sv Line: 1
Warning (10236): Verilog HDL Implicit Net warning at FSM1.sv(24): created implicit net for "next" File: C:/Users/joedu/OneDrive/Escritorio/TallerDisennoDigital/FSM1.sv Line: 24
Warning (10236): Verilog HDL Implicit Net warning at FSM1.sv(25): created implicit net for "bomba" File: C:/Users/joedu/OneDrive/Escritorio/TallerDisennoDigital/FSM1.sv Line: 25
Warning (10236): Verilog HDL Implicit Net warning at FSM1.sv(26): created implicit net for "revisar_siguiente" File: C:/Users/joedu/OneDrive/Escritorio/TallerDisennoDigital/FSM1.sv Line: 26
Warning (10236): Verilog HDL Implicit Net warning at FSM1.sv(27): created implicit net for "incremento" File: C:/Users/joedu/OneDrive/Escritorio/TallerDisennoDigital/FSM1.sv Line: 27
Warning (10236): Verilog HDL Implicit Net warning at FSM1.sv(28): created implicit net for "ultima_casilla" File: C:/Users/joedu/OneDrive/Escritorio/TallerDisennoDigital/FSM1.sv Line: 28
Info (12127): Elaborating entity "VGA" for the top level hierarchy
Info (12128): Elaborating entity "pll" for hierarchy "pll:vgapll" File: C:/Users/joedu/OneDrive/Escritorio/TallerDisennoDigital/VGA.sv Line: 8
Warning (10230): Verilog HDL assignment warning at pll.sv(6): truncated value with size 32 to match size of target (1) File: C:/Users/joedu/OneDrive/Escritorio/TallerDisennoDigital/pll.sv Line: 6
Info (12128): Elaborating entity "vgaController" for hierarchy "vgaController:vgaCont" File: C:/Users/joedu/OneDrive/Escritorio/TallerDisennoDigital/VGA.sv Line: 9
Info (12128): Elaborating entity "videoGen" for hierarchy "videoGen:videoGen" File: C:/Users/joedu/OneDrive/Escritorio/TallerDisennoDigital/VGA.sv Line: 10
Warning (10036): Verilog HDL or VHDL warning at videoGen.sv(3): object "pixel" assigned a value but never read File: C:/Users/joedu/OneDrive/Escritorio/TallerDisennoDigital/videoGen.sv Line: 3
Info (12128): Elaborating entity "rectgen" for hierarchy "videoGen:videoGen|rectgen:rectgen" File: C:/Users/joedu/OneDrive/Escritorio/TallerDisennoDigital/videoGen.sv Line: 9
Info: Quartus Prime Analysis & Elaboration was successful. 0 errors, 8 warnings
    Info: Peak virtual memory: 4792 megabytes
    Info: Processing ended: Tue Oct 10 16:54:32 2023
    Info: Elapsed time: 00:00:14
    Info: Total CPU time (on all processors): 00:00:21


